2018-05-16 16:42:50,712 [1] INFO CHORDS_VDWBuilder.Program - CHORDS VDW Builder Starting up.
2018-05-16 17:27:23,343 [1] INFO CHORDS_VDWBuilder.Program - CHORDS VDW Builder Starting up.
2018-05-16 17:40:28,669 [1] INFO CHORDS_VDWBuilder.Program - CHORDS VDW Builder Starting up.
2018-05-17 08:57:23,176 [1] INFO CHORDS_VDWBuilder.Program - CHORDS VDW Builder Starting up.
2018-05-17 08:59:59,908 [1] INFO CHORDS_VDWBuilder.Program - CHORDS VDW Builder Starting up.
2018-05-17 09:01:39,711 [1] INFO CHORDS_VDWBuilder.Program - CHORDS VDW Builder Starting up.
2018-05-17 10:35:58,628 [1] INFO CHORDS_VDWBuilder.Program - CHORDS VDW Builder Starting up.
2018-05-17 10:41:51,739 [1] INFO CHORDS_VDWBuilder.Program - CHORDS VDW Builder Starting up.
2018-05-17 10:41:58,775 [1] INFO CHORDS_VDWBuilder.CHORDS.FHIRToVDW.FHIRToVDW - Loading Patients
2018-05-17 10:42:03,156 [1] INFO CHORDS_VDWBuilder.CHORDS.FHIRToVDW.FHIRToVDW - Number of Patients: 10
2018-05-17 10:46:55,922 [1] INFO CHORDS_VDWBuilder.Program - CHORDS VDW Builder Starting up.
2018-05-17 10:47:01,022 [1] INFO CHORDS_VDWBuilder.CHORDS.FHIRToVDW.FHIRToVDW - Loading Patients
2018-05-17 10:47:05,295 [1] INFO CHORDS_VDWBuilder.CHORDS.FHIRToVDW.FHIRToVDW - Number of Patients: 10
2018-05-17 10:51:49,133 [1] INFO CHORDS_VDWBuilder.Program - CHORDS VDW Builder Starting up.
2018-05-17 10:51:54,800 [1] INFO CHORDS_VDWBuilder.CHORDS.FHIRToVDW.FHIRToVDW - Loading Patients
2018-05-17 10:51:58,697 [1] INFO CHORDS_VDWBuilder.CHORDS.FHIRToVDW.FHIRToVDW - Number of Patients: 10
2018-05-17 10:55:21,644 [1] INFO CHORDS_VDWBuilder.Program - CHORDS VDW Builder Starting up.
2018-05-17 10:55:27,576 [1] INFO CHORDS_VDWBuilder.CHORDS.FHIRToVDW.FHIRToVDW - Loading Patients
2018-05-17 10:55:31,007 [1] INFO CHORDS_VDWBuilder.CHORDS.FHIRToVDW.FHIRToVDW - Number of Patients: 10
2018-05-17 12:11:48,024 [1] INFO CHORDS_VDWBuilder.Program - CHORDS VDW Builder Starting up.
2018-05-17 12:11:53,453 [1] INFO CHORDS_VDWBuilder.CHORDS.FHIRToVDW.FHIRToVDW - Loading Patients
2018-05-17 12:11:57,106 [1] INFO CHORDS_VDWBuilder.CHORDS.FHIRToVDW.FHIRToVDW - Number of Patients: 10
2018-05-17 12:16:51,570 [1] INFO CHORDS_VDWBuilder.Program - CHORDS VDW Builder Starting up.
2018-05-17 12:16:58,126 [1] INFO CHORDS_VDWBuilder.CHORDS.FHIRToVDW.FHIRToVDW - Loading Patients
2018-05-17 12:17:03,219 [1] INFO CHORDS_VDWBuilder.CHORDS.FHIRToVDW.FHIRToVDW - Number of Patients: 10
2018-05-17 12:28:08,623 [1] INFO CHORDS_VDWBuilder.Program - CHORDS VDW Builder Starting up.
2018-05-17 12:28:14,260 [1] INFO CHORDS_VDWBuilder.CHORDS.FHIRToVDW.FHIRToVDW - Loading Patients
2018-05-17 12:28:18,273 [1] INFO CHORDS_VDWBuilder.CHORDS.FHIRToVDW.FHIRToVDW - Number of Patients: 10
2018-05-17 12:30:19,535 [1] INFO CHORDS_VDWBuilder.Program - CHORDS VDW Builder Starting up.
2018-05-17 12:30:23,303 [1] INFO CHORDS_VDWBuilder.CHORDS.FHIRToVDW.FHIRToVDW - Loading Patients
2018-05-17 12:30:27,021 [1] INFO CHORDS_VDWBuilder.CHORDS.FHIRToVDW.FHIRToVDW - Number of Patients: 10
2018-05-17 13:11:16,056 [1] INFO CHORDS_VDWBuilder.Program - CHORDS VDW Builder Starting up.
2018-05-17 13:11:20,802 [1] INFO CHORDS_VDWBuilder.CHORDS.FHIRToVDW.FHIRToVDW - Loading Patients
2018-05-17 13:11:25,707 [1] INFO CHORDS_VDWBuilder.CHORDS.FHIRToVDW.FHIRToVDW - Number of Patients: 10
2018-05-17 13:17:26,358 [1] INFO CHORDS_VDWBuilder.Program - CHORDS VDW Builder Starting up.
2018-05-17 13:17:29,372 [1] INFO CHORDS_VDWBuilder.CHORDS.FHIRToVDW.FHIRToVDW - Loading Patients
2018-05-17 13:17:32,685 [1] INFO CHORDS_VDWBuilder.CHORDS.FHIRToVDW.FHIRToVDW - Number of Patients: 10
2018-05-17 13:19:59,886 [1] INFO CHORDS_VDWBuilder.Program - CHORDS VDW Builder Starting up.
2018-05-17 13:20:03,783 [1] INFO CHORDS_VDWBuilder.CHORDS.FHIRToVDW.FHIRToVDW - Loading Patients
2018-05-17 13:20:07,402 [1] INFO CHORDS_VDWBuilder.CHORDS.FHIRToVDW.FHIRToVDW - Number of Patients: 10
2018-05-17 13:55:07,504 [1] INFO CHORDS_VDWBuilder.Program - CHORDS VDW Builder Starting up.
2018-05-17 13:55:12,573 [1] INFO CHORDS_VDWBuilder.CHORDS.FHIRToVDW.FHIRToVDW - Loading Patients
2018-05-17 13:55:16,253 [1] INFO CHORDS_VDWBuilder.CHORDS.FHIRToVDW.FHIRToVDW - Number of Patients: 10
2018-05-17 14:11:49,501 [1] INFO CHORDS_VDWBuilder.Program - CHORDS VDW Builder Starting up.
2018-05-17 14:21:53,069 [1] INFO CHORDS_VDWBuilder.Program - CHORDS VDW Builder Starting up.
2018-05-17 14:21:59,105 [1] INFO CHORDS_VDWBuilder.CHORDS.FHIRToVDW.FHIRToVDW - Loading Patients
2018-05-17 14:22:02,923 [1] INFO CHORDS_VDWBuilder.CHORDS.FHIRToVDW.FHIRToVDW - Number of Patients: 10
2018-05-17 14:24:36,219 [1] INFO CHORDS_VDWBuilder.Program - CHORDS VDW Builder Starting up.
2018-05-17 14:24:42,665 [1] INFO CHORDS_VDWBuilder.CHORDS.FHIRToVDW.FHIRToVDW - Loading Patients
2018-05-17 14:24:46,322 [1] INFO CHORDS_VDWBuilder.CHORDS.FHIRToVDW.FHIRToVDW - Number of Patients: 10
2018-05-17 14:24:47,179 [1] INFO CHORDS_VDWBuilder.CHORDS.FHIRToVDW.FHIRToVDW - Error: Validation failed for one or more entities. See 'EntityValidationErrors' property for more details.
2018-05-17 14:24:47,248 [1] INFO CHORDS_VDWBuilder.CHORDS.FHIRToVDW.FHIRToVDW - Error: Validation failed for one or more entities. See 'EntityValidationErrors' property for more details.
2018-05-17 14:24:47,314 [1] INFO CHORDS_VDWBuilder.CHORDS.FHIRToVDW.FHIRToVDW - Error: Validation failed for one or more entities. See 'EntityValidationErrors' property for more details.
2018-05-17 14:24:47,382 [1] INFO CHORDS_VDWBuilder.CHORDS.FHIRToVDW.FHIRToVDW - Error: Validation failed for one or more entities. See 'EntityValidationErrors' property for more details.
2018-05-17 14:24:47,434 [1] INFO CHORDS_VDWBuilder.CHORDS.FHIRToVDW.FHIRToVDW - Error: Validation failed for one or more entities. See 'EntityValidationErrors' property for more details.
2018-05-17 14:24:47,487 [1] INFO CHORDS_VDWBuilder.CHORDS.FHIRToVDW.FHIRToVDW - Error: Validation failed for one or more entities. See 'EntityValidationErrors' property for more details.
2018-05-17 14:24:47,650 [1] INFO CHORDS_VDWBuilder.CHORDS.FHIRToVDW.FHIRToVDW - Error: Validation failed for one or more entities. See 'EntityValidationErrors' property for more details.
2018-05-17 14:24:47,811 [1] INFO CHORDS_VDWBuilder.CHORDS.FHIRToVDW.FHIRToVDW - Error: Validation failed for one or more entities. See 'EntityValidationErrors' property for more details.
2018-05-17 14:24:47,905 [1] INFO CHORDS_VDWBuilder.CHORDS.FHIRToVDW.FHIRToVDW - Error: Validation failed for one or more entities. See 'EntityValidationErrors' property for more details.
2018-05-17 14:24:48,003 [1] INFO CHORDS_VDWBuilder.CHORDS.FHIRToVDW.FHIRToVDW - Error: Validation failed for one or more entities. See 'EntityValidationErrors' property for more details.
2018-05-17 14:24:48,004 [1] INFO CHORDS_VDWBuilder.CHORDS.FHIRToVDW.FHIRToVDW - Number of Patients added: 0
2018-05-17 14:28:19,908 [1] INFO CHORDS_VDWBuilder.Program - CHORDS VDW Builder Starting up.
2018-05-17 14:28:24,717 [1] INFO CHORDS_VDWBuilder.CHORDS.FHIRToVDW.FHIRToVDW - Loading Patients
2018-05-17 14:28:28,278 [1] INFO CHORDS_VDWBuilder.CHORDS.FHIRToVDW.FHIRToVDW - Number of Patients: 10
2018-05-17 14:30:08,100 [1] INFO CHORDS_VDWBuilder.Program - CHORDS VDW Builder Starting up.
2018-05-17 14:30:23,728 [1] INFO CHORDS_VDWBuilder.CHORDS.FHIRToVDW.FHIRToVDW - Loading Patients
2018-05-17 14:30:27,521 [1] INFO CHORDS_VDWBuilder.CHORDS.FHIRToVDW.FHIRToVDW - Number of Patients: 10
2018-05-17 14:41:45,316 [1] INFO CHORDS_VDWBuilder.Program - CHORDS VDW Builder Starting up.
2018-05-17 14:41:53,152 [1] INFO CHORDS_VDWBuilder.CHORDS.FHIRToVDW.FHIRToVDW - Loading Patients
2018-05-17 14:41:59,125 [1] INFO CHORDS_VDWBuilder.CHORDS.FHIRToVDW.FHIRToVDW - Number of Patients: 10
2018-05-17 14:43:19,457 [1] INFO CHORDS_VDWBuilder.Program - CHORDS VDW Builder Starting up.
2018-05-17 14:43:24,315 [1] INFO CHORDS_VDWBuilder.CHORDS.FHIRToVDW.FHIRToVDW - Loading Patients
2018-05-17 14:43:27,698 [1] INFO CHORDS_VDWBuilder.CHORDS.FHIRToVDW.FHIRToVDW - Number of Patients: 10
2018-05-17 14:47:26,275 [1] INFO CHORDS_VDWBuilder.Program - CHORDS VDW Builder Starting up.
2018-05-17 14:47:31,760 [1] INFO CHORDS_VDWBuilder.CHORDS.FHIRToVDW.FHIRToVDW - Loading Patients
2018-05-17 14:47:35,452 [1] INFO CHORDS_VDWBuilder.CHORDS.FHIRToVDW.FHIRToVDW - Number of Patients: 10
2018-05-17 15:54:40,943 [1] INFO CHORDS_VDWBuilder.Program - CHORDS VDW Builder Starting up.
2018-05-17 15:54:46,272 [1] INFO CHORDS_VDWBuilder.CHORDS.FHIRToVDW.FHIRToVDW - Loading Patients
2018-05-17 15:54:50,396 [1] INFO CHORDS_VDWBuilder.CHORDS.FHIRToVDW.FHIRToVDW - Number of Patients: 10
2018-05-17 15:59:14,156 [1] INFO CHORDS_VDWBuilder.Program - CHORDS VDW Builder Starting up.
2018-05-17 15:59:19,913 [1] INFO CHORDS_VDWBuilder.CHORDS.FHIRToVDW.FHIRToVDW - Loading Patients
2018-05-17 15:59:23,485 [1] INFO CHORDS_VDWBuilder.CHORDS.FHIRToVDW.FHIRToVDW - Number of Patients: 10
2018-05-17 16:00:42,012 [1] INFO CHORDS_VDWBuilder.Program - CHORDS VDW Builder Starting up.
2018-05-17 16:00:45,886 [1] INFO CHORDS_VDWBuilder.CHORDS.FHIRToVDW.FHIRToVDW - Loading Patients
2018-05-17 16:00:49,057 [1] INFO CHORDS_VDWBuilder.CHORDS.FHIRToVDW.FHIRToVDW - Number of Patients: 10
2018-05-17 16:01:28,538 [1] INFO CHORDS_VDWBuilder.CHORDS.FHIRToVDW.FHIRToVDW - Number of Patients added: 10
2018-05-17 16:06:52,683 [1] INFO CHORDS_VDWBuilder.Program - CHORDS VDW Builder Starting up.
2018-05-17 16:06:57,755 [1] INFO CHORDS_VDWBuilder.CHORDS.FHIRToVDW.FHIRToVDW - Loading Patients
2018-05-17 16:07:02,448 [1] INFO CHORDS_VDWBuilder.CHORDS.FHIRToVDW.FHIRToVDW - Number of Patients: 10
2018-05-17 16:07:03,846 [1] INFO CHORDS_VDWBuilder.CHORDS.FHIRToVDW.FHIRToVDW - Number of Patients added: 10
2018-05-18 12:12:50,341 [1] INFO CHORDS_VDWBuilder.Program - CHORDS VDW Builder Starting up.
2018-05-18 12:12:55,475 [1] INFO CHORDS_VDWBuilder.CHORDS.FHIRToVDW.FHIRToVDW - Loading Patients
2018-05-18 12:12:59,450 [1] INFO CHORDS_VDWBuilder.CHORDS.FHIRToVDW.FHIRToVDW - Number of Patients: 10
2018-05-18 12:35:18,520 [1] INFO CHORDS_VDWBuilder.Program - CHORDS VDW Builder Starting up.
2018-05-18 12:35:24,691 [1] INFO CHORDS_VDWBuilder.CHORDS.FHIRToVDW.FHIRToVDW - Loading Patients
2018-05-18 12:35:28,488 [1] INFO CHORDS_VDWBuilder.CHORDS.FHIRToVDW.FHIRToVDW - Number of Patients: 10
2018-05-18 15:46:56,530 [1] INFO CHORDS_VDWBuilder.Program - CHORDS VDW Builder Starting up.
2018-05-18 15:47:02,821 [1] INFO CHORDS_VDWBuilder.CHORDS.FHIRToVDW.FHIRToVDW - Loading Patients
2018-05-18 15:47:08,605 [1] INFO CHORDS_VDWBuilder.CHORDS.FHIRToVDW.FHIRToVDW - Number of Patients: 10
2018-05-18 16:01:25,474 [1] INFO CHORDS_VDWBuilder.Program - CHORDS VDW Builder Starting up.
2018-05-18 16:01:42,509 [1] INFO CHORDS_VDWBuilder.CHORDS.FHIRToVDW.FHIRToVDW - Loading Patients
2018-05-18 16:01:46,458 [1] INFO CHORDS_VDWBuilder.CHORDS.FHIRToVDW.FHIRToVDW - Number of Patients: 10
2018-05-18 16:05:16,634 [1] INFO CHORDS_VDWBuilder.Program - CHORDS VDW Builder Starting up.
2018-05-18 16:05:23,027 [1] INFO CHORDS_VDWBuilder.CHORDS.FHIRToVDW.FHIRToVDW - Loading Patients
2018-05-18 16:05:26,593 [1] INFO CHORDS_VDWBuilder.CHORDS.FHIRToVDW.FHIRToVDW - Number of Patients: 10
2018-05-22 08:59:32,667 [1] INFO CHORDS_VDWBuilder.Program - CHORDS VDW Builder Starting up.
2018-05-22 08:59:40,604 [1] INFO CHORDS_VDWBuilder.CHORDS.FHIRToVDW.FHIRToVDW - Loading Patients
2018-05-22 08:59:44,713 [1] INFO CHORDS_VDWBuilder.CHORDS.FHIRToVDW.FHIRToVDW - Number of Patients: 10
2018-05-22 09:08:58,026 [1] INFO CHORDS_VDWBuilder.Program - CHORDS VDW Builder Starting up.
2018-05-22 09:09:06,916 [1] INFO CHORDS_VDWBuilder.CHORDS.FHIRToVDW.FHIRToVDW - Loading Patients
2018-05-22 09:09:10,073 [1] INFO CHORDS_VDWBuilder.CHORDS.FHIRToVDW.FHIRToVDW - Number of Patients: 10
2018-05-22 09:13:37,827 [1] INFO CHORDS_VDWBuilder.Program - CHORDS VDW Builder Starting up.
2018-05-22 09:14:01,041 [1] INFO CHORDS_VDWBuilder.CHORDS.FHIRToVDW.FHIRToVDW - Loading Patients
2018-05-22 09:14:06,994 [1] INFO CHORDS_VDWBuilder.CHORDS.FHIRToVDW.FHIRToVDW - Number of Patients: 10
2018-05-22 09:18:27,632 [1] INFO CHORDS_VDWBuilder.Program - CHORDS VDW Builder Starting up.
2018-05-22 09:18:36,710 [1] INFO CHORDS_VDWBuilder.CHORDS.FHIRToVDW.FHIRToVDW - Loading Patients
2018-05-22 09:18:42,227 [1] INFO CHORDS_VDWBuilder.CHORDS.FHIRToVDW.FHIRToVDW - Number of Patients: 10
2018-05-22 10:44:25,435 [1] INFO CHORDS_VDWBuilder.Program - CHORDS VDW Builder Starting up.
2018-05-22 10:44:35,985 [1] INFO CHORDS_VDWBuilder.CHORDS.FHIRToVDW.FHIRToVDW - Loading Patients
2018-05-22 10:44:40,338 [1] INFO CHORDS_VDWBuilder.CHORDS.FHIRToVDW.FHIRToVDW - Number of Patients: 10
2018-05-22 10:54:01,661 [1] INFO CHORDS_VDWBuilder.Program - CHORDS VDW Builder Starting up.
2018-05-22 10:54:06,196 [1] INFO CHORDS_VDWBuilder.CHORDS.FHIRToVDW.FHIRToVDW - Loading Patients
2018-05-22 10:54:09,752 [1] INFO CHORDS_VDWBuilder.CHORDS.FHIRToVDW.FHIRToVDW - Number of Patients: 10
2018-05-22 10:58:14,259 [1] INFO CHORDS_VDWBuilder.Program - CHORDS VDW Builder Starting up.
2018-05-22 10:58:20,556 [1] INFO CHORDS_VDWBuilder.CHORDS.FHIRToVDW.FHIRToVDW - Loading Patients
2018-05-22 10:58:24,025 [1] INFO CHORDS_VDWBuilder.CHORDS.FHIRToVDW.FHIRToVDW - Number of Patients: 10
2018-05-22 11:47:58,489 [1] INFO CHORDS_VDWBuilder.Program - CHORDS VDW Builder Starting up.
2018-05-22 11:48:03,952 [1] INFO CHORDS_VDWBuilder.CHORDS.FHIRToVDW.FHIRToVDW - Loading Patients
2018-05-22 11:48:08,653 [1] INFO CHORDS_VDWBuilder.CHORDS.FHIRToVDW.FHIRToVDW - Number of Patients: 10
2018-05-22 11:51:44,905 [1] INFO CHORDS_VDWBuilder.Program - CHORDS VDW Builder Starting up.
2018-05-22 11:51:49,342 [1] INFO CHORDS_VDWBuilder.CHORDS.FHIRToVDW.FHIRToVDW - Loading Patients
2018-05-22 11:51:53,125 [1] INFO CHORDS_VDWBuilder.CHORDS.FHIRToVDW.FHIRToVDW - Number of Patients: 10
2018-05-22 12:33:44,321 [1] INFO CHORDS_VDWBuilder.Program - CHORDS VDW Builder Starting up.
2018-05-22 12:33:52,669 [1] INFO CHORDS_VDWBuilder.CHORDS.FHIRToVDW.FHIRToVDW - Loading Patients
2018-05-22 12:33:56,295 [1] INFO CHORDS_VDWBuilder.CHORDS.FHIRToVDW.FHIRToVDW - Number of Patients: 10
2018-05-22 14:26:31,610 [1] INFO CHORDS_VDWBuilder.Program - CHORDS VDW Builder Starting up.
2018-05-22 14:26:36,148 [1] INFO CHORDS_VDWBuilder.CHORDS.FHIRToVDW.FHIRToVDW - Loading Patients
2018-05-22 14:26:39,929 [1] INFO CHORDS_VDWBuilder.CHORDS.FHIRToVDW.FHIRToVDW - Number of Patients: 10
2018-05-22 14:30:40,855 [1] INFO CHORDS_VDWBuilder.Program - CHORDS VDW Builder Starting up.
2018-05-22 14:30:45,861 [1] INFO CHORDS_VDWBuilder.CHORDS.FHIRToVDW.FHIRToVDW - Loading Patients
2018-05-22 14:30:49,166 [1] INFO CHORDS_VDWBuilder.CHORDS.FHIRToVDW.FHIRToVDW - Number of Patients: 10
2018-05-22 14:32:31,796 [1] INFO CHORDS_VDWBuilder.Program - CHORDS VDW Builder Starting up.
2018-05-22 14:32:35,286 [1] INFO CHORDS_VDWBuilder.CHORDS.FHIRToVDW.FHIRToVDW - Loading Patients
2018-05-22 14:32:38,600 [1] INFO CHORDS_VDWBuilder.CHORDS.FHIRToVDW.FHIRToVDW - Number of Patients: 10
2018-05-22 14:34:40,193 [1] INFO CHORDS_VDWBuilder.Program - CHORDS VDW Builder Starting up.
2018-05-22 14:34:44,071 [1] INFO CHORDS_VDWBuilder.CHORDS.FHIRToVDW.FHIRToVDW - Loading Patients
2018-05-22 14:34:47,863 [1] INFO CHORDS_VDWBuilder.CHORDS.FHIRToVDW.FHIRToVDW - Number of Patients: 10
2018-05-22 14:36:45,719 [1] INFO CHORDS_VDWBuilder.Program - CHORDS VDW Builder Starting up.
2018-05-22 14:36:49,674 [1] INFO CHORDS_VDWBuilder.CHORDS.FHIRToVDW.FHIRToVDW - Loading Patients
2018-05-22 14:36:54,365 [1] INFO CHORDS_VDWBuilder.CHORDS.FHIRToVDW.FHIRToVDW - Number of Patients: 10
2018-05-22 14:37:57,157 [1] INFO CHORDS_VDWBuilder.Program - CHORDS VDW Builder Starting up.
2018-05-22 14:38:00,625 [1] INFO CHORDS_VDWBuilder.CHORDS.FHIRToVDW.FHIRToVDW - Loading Patients
2018-05-22 14:38:05,000 [1] INFO CHORDS_VDWBuilder.CHORDS.FHIRToVDW.FHIRToVDW - Number of Patients: 10
2018-05-22 14:39:59,572 [1] INFO CHORDS_VDWBuilder.Program - CHORDS VDW Builder Starting up.
2018-05-22 14:40:06,436 [1] INFO CHORDS_VDWBuilder.CHORDS.FHIRToVDW.FHIRToVDW - Loading Patients
2018-05-22 14:40:09,852 [1] INFO CHORDS_VDWBuilder.CHORDS.FHIRToVDW.FHIRToVDW - Number of Patients: 10
2018-05-22 14:42:25,691 [1] INFO CHORDS_VDWBuilder.Program - CHORDS VDW Builder Starting up.
2018-05-22 14:42:47,174 [1] INFO CHORDS_VDWBuilder.CHORDS.FHIRToVDW.FHIRToVDW - Loading Patients
2018-05-22 14:42:50,656 [1] INFO CHORDS_VDWBuilder.CHORDS.FHIRToVDW.FHIRToVDW - Number of Patients: 10
2018-05-22 15:02:43,648 [1] INFO CHORDS_VDWBuilder.Program - CHORDS VDW Builder Starting up.
2018-05-22 15:02:48,199 [1] INFO CHORDS_VDWBuilder.CHORDS.FHIRToVDW.FHIRToVDW - Loading Patients
2018-05-22 15:02:52,512 [1] INFO CHORDS_VDWBuilder.CHORDS.FHIRToVDW.FHIRToVDW - Number of Patients: 10
2018-05-22 17:09:50,144 [1] INFO CHORDS_VDWBuilder.Program - CHORDS VDW Builder Starting up.
2018-05-23 12:21:51,457 [1] INFO CHORDS_VDWBuilder.Program - CHORDS VDW Builder Starting up.
2018-05-23 12:22:43,511 [1] INFO CHORDS_VDWBuilder.Program - CHORDS VDW Builder Starting up.
2018-05-23 12:22:47,808 [1] INFO CHORDS_VDWBuilder.CHORDS.FHIRToVDW.FHIRToVDW - Scanning Patients
2018-05-23 12:22:51,745 [1] INFO CHORDS_VDWBuilder.CHORDS.FHIRToVDW.FHIRToVDW - Number of Patients: 10
2018-05-23 12:25:37,839 [1] INFO CHORDS_VDWBuilder.Program - CHORDS VDW Builder Starting up.
2018-05-23 12:25:42,527 [1] INFO CHORDS_VDWBuilder.CHORDS.FHIRToVDW.FHIRToVDW - Scanning Patients
2018-05-23 12:25:45,589 [1] INFO CHORDS_VDWBuilder.CHORDS.FHIRToVDW.FHIRToVDW - Number of Patients: 10
2018-05-23 12:25:47,761 [1] INFO CHORDS_VDWBuilder.CHORDS.FHIRToVDW.FHIRToVDW - Error: An error occurred while updating the entries. See the inner exception for details.
2018-05-23 12:30:16,729 [1] INFO CHORDS_VDWBuilder.Program - CHORDS VDW Builder Starting up.
2018-05-23 12:30:20,198 [1] INFO CHORDS_VDWBuilder.CHORDS.FHIRToVDW.FHIRToVDW - Scanning Patients
2018-05-23 12:36:52,656 [1] INFO CHORDS_VDWBuilder.Program - CHORDS VDW Builder Starting up.
2018-05-23 12:36:56,900 [1] INFO CHORDS_VDWBuilder.CHORDS.FHIRToVDW.FHIRToVDW - Start Scanning Patients
2018-05-23 12:37:02,252 [1] INFO CHORDS_VDWBuilder.CHORDS.FHIRToVDW.FHIRToVDW - End Scanning Patients
2018-05-23 16:52:53,769 [1] INFO CHORDS_VDWBuilder.Program - CHORDS VDW Builder Starting up.
2018-05-23 16:53:13,988 [1] INFO CHORDS_VDWBuilder.CHORDS.FHIRToVDW.FHIRToVDW - Start Scanning Patients
2018-05-23 17:06:43,438 [1] INFO CHORDS_VDWBuilder.Program - CHORDS VDW Builder Starting up.
2018-05-23 17:06:55,351 [1] INFO CHORDS_VDWBuilder.CHORDS.FHIRToVDW.FHIRToVDW - Start Scanning Patients
2018-05-23 17:17:49,584 [1] INFO CHORDS_VDWBuilder.Program - CHORDS VDW Builder Starting up.
2018-05-23 17:17:53,968 [1] INFO CHORDS_VDWBuilder.CHORDS.FHIRToVDW.FHIRToVDW - Start Scanning Patients
2018-05-23 17:20:56,093 [1] INFO CHORDS_VDWBuilder.CHORDS.FHIRToVDW.FHIRToVDW - End Scanning Patients
2018-05-23 17:21:19,598 [1] INFO CHORDS_VDWBuilder.Program - CHORDS VDW Builder Starting up.
2018-05-23 17:21:23,776 [1] INFO CHORDS_VDWBuilder.CHORDS.FHIRToVDW.FHIRToVDW - Start Scanning Patients
2018-05-23 17:24:08,507 [1] INFO CHORDS_VDWBuilder.Program - CHORDS VDW Builder Starting up.
2018-05-23 17:24:12,312 [1] INFO CHORDS_VDWBuilder.CHORDS.FHIRToVDW.FHIRToVDW - Start Scanning Patients
2018-05-23 17:24:18,986 [1] INFO CHORDS_VDWBuilder.CHORDS.FHIRToVDW.FHIRToVDW - End Scanning Patients
2018-05-23 17:24:34,802 [1] INFO CHORDS_VDWBuilder.CHORDS.FHIRToVDW.FHIRToVDW - Start Scanning Patients
2018-05-23 17:25:39,608 [1] INFO CHORDS_VDWBuilder.Program - CHORDS VDW Builder Starting up.
2018-05-23 17:25:45,875 [1] INFO CHORDS_VDWBuilder.CHORDS.FHIRToVDW.FHIRToVDW - Start Scanning Patients
2018-05-23 17:26:04,742 [1] INFO CHORDS_VDWBuilder.CHORDS.FHIRToVDW.FHIRToVDW - End Scanning Patients
2018-05-23 21:28:49,862 [1] INFO CHORDS_VDWBuilder.Program - CHORDS VDW Builder Starting up.
2018-05-23 21:28:57,940 [1] INFO CHORDS_VDWBuilder.CHORDS.FHIRToVDW.FHIRToVDW - Start Scanning Patients
2018-05-23 21:29:11,035 [1] INFO CHORDS_VDWBuilder.CHORDS.FHIRToVDW.FHIRToVDW - End Scanning Patients
2018-05-23 21:33:20,832 [1] INFO CHORDS_VDWBuilder.Program - CHORDS VDW Builder Starting up.
2018-05-23 21:33:26,728 [1] INFO CHORDS_VDWBuilder.CHORDS.FHIRToVDW.FHIRToVDW - Start Scanning Patients
2018-05-23 21:33:39,562 [1] INFO CHORDS_VDWBuilder.CHORDS.FHIRToVDW.FHIRToVDW - End Scanning Patients
2018-05-30 09:15:55,006 [1] INFO CHORDS_VDWBuilder.Program - CHORDS VDW Builder Starting up.
2018-05-30 09:16:08,045 [1] INFO CHORDS_VDWBuilder.CHORDS.FHIRToVDW.FHIRToVDW - Start Scanning Patients
2018-05-30 09:16:14,220 [1] INFO CHORDS_VDWBuilder.CHORDS.FHIRToVDW.FHIRToVDW - End Scanning Patients
2018-05-30 09:36:34,772 [1] INFO CHORDS_VDWBuilder.Program - CHORDS VDW Builder Starting up.
2018-05-30 09:36:52,908 [1] INFO CHORDS_VDWBuilder.CHORDS.FHIRToVDW.FHIRToVDW - Start Scanning Patients
2018-05-30 09:36:59,088 [1] INFO CHORDS_VDWBuilder.CHORDS.FHIRToVDW.FHIRToVDW - End Scanning Patients
2018-05-30 09:41:11,020 [1] INFO CHORDS_VDWBuilder.Program - CHORDS VDW Builder Starting up.
2018-05-30 09:42:04,525 [1] INFO CHORDS_VDWBuilder.CHORDS.FHIRToVDW.FHIRToVDW - Start Scanning Patients
2018-05-30 09:58:47,596 [1] INFO CHORDS_VDWBuilder.Program - CHORDS VDW Builder Starting up.
2018-05-30 09:59:31,593 [1] INFO CHORDS_VDWBuilder.CHORDS.FHIRToVDW.FHIRToVDW - Start Scanning Patients
2018-05-30 09:59:42,678 [1] INFO CHORDS_VDWBuilder.CHORDS.FHIRToVDW.FHIRToVDW - End Scanning Patients
2018-05-30 09:59:52,596 [1] INFO CHORDS_VDWBuilder.Program - CHORDS VDW Builder Starting up.
2018-05-30 10:00:37,838 [1] INFO CHORDS_VDWBuilder.CHORDS.FHIRToVDW.FHIRToVDW - Start Scanning Patients
2018-05-30 10:00:38,990 [1] INFO CHORDS_VDWBuilder.CHORDS.FHIRToVDW.FHIRToVDW - Error: Operation was unsuccessful because of a client error (Unauthorized). OperationOutcome: Overall result: FAILURE (1 errors and 0 warnings)

[ERROR] (no details)(further diagnostics: Endpoint said it returned 'application/json', but the body is not recognized as either xml or json.).
2018-05-30 10:04:36,139 [1] INFO CHORDS_VDWBuilder.Program - CHORDS VDW Builder Starting up.
2018-05-30 10:05:04,448 [1] INFO CHORDS_VDWBuilder.CHORDS.FHIRToVDW.FHIRToVDW - Start Scanning Patients
2018-05-30 10:05:06,669 [1] INFO CHORDS_VDWBuilder.CHORDS.FHIRToVDW.FHIRToVDW - Error: Operation was unsuccessful because of a client error (Unauthorized). OperationOutcome: <div xmlns="http://www.w3.org/1999/xhtml"><p>You must authenticate before you can use this service</p></div>.
2018-05-30 10:05:16,672 [1] INFO CHORDS_VDWBuilder.Program - CHORDS VDW Builder Starting up.
2018-05-30 10:07:58,797 [1] INFO CHORDS_VDWBuilder.CHORDS.FHIRToVDW.FHIRToVDW - Start Scanning Patients
2018-05-30 10:08:00,872 [1] INFO CHORDS_VDWBuilder.CHORDS.FHIRToVDW.FHIRToVDW - Error: Operation was unsuccessful because of a client error (Unauthorized). Body has no content.
2018-05-30 10:08:29,344 [1] INFO CHORDS_VDWBuilder.CHORDS.FHIRToVDW.FHIRToVDW - Start Scanning Patients
2018-05-30 10:08:50,456 [1] INFO CHORDS_VDWBuilder.CHORDS.FHIRToVDW.FHIRToVDW - Error: Unable to connect to the remote server
2018-05-30 10:10:59,585 [1] INFO CHORDS_VDWBuilder.CHORDS.FHIRToVDW.FHIRToVDW - Start Scanning Patients
2018-05-30 10:11:01,545 [1] INFO CHORDS_VDWBuilder.CHORDS.FHIRToVDW.FHIRToVDW - Error: The specified content type is invalid.
2018-05-30 10:11:14,410 [1] INFO CHORDS_VDWBuilder.Program - CHORDS VDW Builder Starting up.
2018-05-30 10:11:27,118 [1] INFO CHORDS_VDWBuilder.CHORDS.FHIRToVDW.FHIRToVDW - Start Scanning Patients
2018-05-30 10:11:28,510 [1] INFO CHORDS_VDWBuilder.CHORDS.FHIRToVDW.FHIRToVDW - Error: The specified content type is invalid.
2018-05-30 10:13:39,636 [1] INFO CHORDS_VDWBuilder.Program - CHORDS VDW Builder Starting up.
2018-05-30 10:13:44,549 [1] INFO CHORDS_VDWBuilder.CHORDS.FHIRToVDW.FHIRToVDW - Start Scanning Patients
2018-05-30 10:13:46,435 [1] INFO CHORDS_VDWBuilder.CHORDS.FHIRToVDW.FHIRToVDW - Error: Operation was unsuccessful because of a client error (NotFound). Body has no content.
2018-05-30 10:18:15,349 [1] INFO CHORDS_VDWBuilder.Program - CHORDS VDW Builder Starting up.
2018-05-30 10:18:23,845 [1] INFO CHORDS_VDWBuilder.CHORDS.FHIRToVDW.FHIRToVDW - Start Scanning Patients
2018-05-30 10:18:24,645 [1] INFO CHORDS_VDWBuilder.CHORDS.FHIRToVDW.FHIRToVDW - Error: Operation was unsuccessful because of a client error (NotFound). Body has no content.
2018-05-30 10:19:41,429 [1] INFO CHORDS_VDWBuilder.Program - CHORDS VDW Builder Starting up.
2018-05-30 10:19:47,541 [1] INFO CHORDS_VDWBuilder.CHORDS.FHIRToVDW.FHIRToVDW - Start Scanning Patients
2018-05-30 10:19:54,517 [1] INFO CHORDS_VDWBuilder.CHORDS.FHIRToVDW.FHIRToVDW - End Scanning Patients
2018-05-30 10:23:07,006 [1] INFO CHORDS_VDWBuilder.Program - CHORDS VDW Builder Starting up.
2018-05-30 10:23:09,766 [1] INFO CHORDS_VDWBuilder.CHORDS.FHIRToVDW.FHIRToVDW - Start Scanning Patients
2018-05-30 10:23:11,679 [1] INFO CHORDS_VDWBuilder.CHORDS.FHIRToVDW.FHIRToVDW - Error: Operation was unsuccessful because of a client error (BadRequest). OperationOutcome: <div xmlns="http://www.w3.org/1999/xhtml"><h1>Operation Outcome</h1><table border="0"><tr><td style="font-weight: bold;">ERROR</td><td>[]</td><td><pre>Unknown search parameter &quot;count &quot;. Value search parameters for this search are: [_id, _language, active, address, address-city, address-country, address-postalcode, address-state, address-use, animal-breed, animal-species, birthdate, death-date, deceased, email, family, gender, general-practitioner, given, identifier, language, link, name, organization, phone, phonetic, telecom]</pre></td>
					
				
			</tr>
		</table>
	</div>.
2018-05-30 10:23:57,421 [1] INFO CHORDS_VDWBuilder.Program - CHORDS VDW Builder Starting up.
2018-05-30 10:24:00,219 [1] INFO CHORDS_VDWBuilder.CHORDS.FHIRToVDW.FHIRToVDW - Start Scanning Patients
2018-05-30 10:24:22,050 [1] INFO CHORDS_VDWBuilder.CHORDS.FHIRToVDW.FHIRToVDW - End Scanning Patients
2018-05-30 10:25:56,471 [1] INFO CHORDS_VDWBuilder.Program - CHORDS VDW Builder Starting up.
2018-05-30 10:26:02,333 [1] INFO CHORDS_VDWBuilder.CHORDS.FHIRToVDW.FHIRToVDW - Start Scanning Patients
2018-05-30 10:26:23,987 [1] INFO CHORDS_VDWBuilder.CHORDS.FHIRToVDW.FHIRToVDW - End Scanning Patients
2018-05-30 10:52:29,978 [1] INFO CHORDS_VDWBuilder.Program - CHORDS VDW Builder Starting up.
2018-05-30 10:52:32,965 [1] INFO CHORDS_VDWBuilder.CHORDS.FHIRToVDW.FHIRToVDW - Start Scanning Patients
2018-05-30 10:52:54,931 [1] INFO CHORDS_VDWBuilder.CHORDS.FHIRToVDW.FHIRToVDW - Number of Patients 50
2018-05-30 10:52:54,932 [1] INFO CHORDS_VDWBuilder.CHORDS.FHIRToVDW.FHIRToVDW - End Scanning Patients
2018-05-30 11:12:26,223 [1] INFO CHORDS_VDWBuilder.Program - CHORDS VDW Builder Starting up.
2018-05-30 11:12:35,011 [1] INFO CHORDS_VDWBuilder.CHORDS.FHIRToVDW.FHIRToVDW - Start Scanning Patients
2018-05-30 11:15:20,390 [1] INFO CHORDS_VDWBuilder.CHORDS.FHIRToVDW.FHIRToVDW - Number of Patients 500
2018-05-30 11:15:20,390 [1] INFO CHORDS_VDWBuilder.CHORDS.FHIRToVDW.FHIRToVDW - End Scanning Patients
2018-05-30 13:22:39,724 [1] INFO CHORDS_VDWBuilder.Program - CHORDS VDW Builder Starting up.
2018-05-30 13:22:51,304 [1] INFO CHORDS_VDWBuilder.CHORDS.FHIRToVDW.FHIRToVDW - Start Scanning Patients
2018-05-30 13:23:24,356 [1] INFO CHORDS_VDWBuilder.CHORDS.FHIRToVDW.FHIRToVDW - Number of Patients 50
2018-05-30 13:23:24,356 [1] INFO CHORDS_VDWBuilder.CHORDS.FHIRToVDW.FHIRToVDW - End Scanning Patients
2018-05-30 13:28:21,324 [1] INFO CHORDS_VDWBuilder.Program - CHORDS VDW Builder Starting up.
2018-05-30 13:28:28,115 [1] INFO CHORDS_VDWBuilder.CHORDS.FHIRToVDW.FHIRToVDW - Start Scanning Patients
2018-05-30 13:28:49,400 [1] INFO CHORDS_VDWBuilder.CHORDS.FHIRToVDW.FHIRToVDW - Number of Patients 50
2018-05-30 13:28:49,401 [1] INFO CHORDS_VDWBuilder.CHORDS.FHIRToVDW.FHIRToVDW - End Scanning Patients
2018-05-30 13:32:29,460 [1] INFO CHORDS_VDWBuilder.Program - CHORDS VDW Builder Starting up.
2018-05-30 13:32:36,310 [1] INFO CHORDS_VDWBuilder.CHORDS.FHIRToVDW.FHIRToVDW - Start Scanning Patients
2018-05-30 13:32:57,912 [1] INFO CHORDS_VDWBuilder.CHORDS.FHIRToVDW.FHIRToVDW - Number of Patients 50
2018-05-30 13:32:57,912 [1] INFO CHORDS_VDWBuilder.CHORDS.FHIRToVDW.FHIRToVDW - End Scanning Patients
2018-05-30 15:31:15,615 [1] INFO CHORDS_VDWBuilder.Program - CHORDS VDW Builder Starting up.
2018-05-30 15:31:34,177 [1] INFO CHORDS_VDWBuilder.CHORDS.FHIRToVDW.FHIRToVDW - Start Scanning Patients
2018-05-30 15:31:57,410 [1] INFO CHORDS_VDWBuilder.CHORDS.FHIRToVDW.FHIRToVDW - Number of Patients 50
2018-05-30 15:31:57,410 [1] INFO CHORDS_VDWBuilder.CHORDS.FHIRToVDW.FHIRToVDW - End Scanning Patients
2018-05-30 16:36:52,728 [1] INFO CHORDS_VDWBuilder.Program - CHORDS VDW Builder Starting up.
2018-05-30 16:53:55,083 [1] INFO CHORDS_VDWBuilder.Program - CHORDS VDW Builder Starting up.
2018-05-30 16:54:12,973 [1] INFO CHORDS_VDWBuilder.CHORDS.FHIRToVDW.FHIRToVDW - Start Scanning Patients
2018-05-30 16:54:53,755 [1] INFO CHORDS_VDWBuilder.CHORDS.FHIRToVDW.FHIRToVDW - Number of Patients 50
2018-05-30 16:54:53,755 [1] INFO CHORDS_VDWBuilder.CHORDS.FHIRToVDW.FHIRToVDW - End Scanning Patients
2018-05-30 17:05:09,833 [1] INFO CHORDS_VDWBuilder.Program - CHORDS VDW Builder Starting up.
2018-05-30 17:05:39,880 [1] INFO CHORDS_VDWBuilder.Program - CHORDS VDW Builder Starting up.
2018-05-30 17:05:52,676 [1] INFO CHORDS_VDWBuilder.CHORDS.FHIRToVDW.FHIRToVDW - Start Scanning Patients
2018-05-30 17:06:27,724 [1] INFO CHORDS_VDWBuilder.CHORDS.FHIRToVDW.FHIRToVDW - Number of Patients 50
2018-05-30 17:06:27,724 [1] INFO CHORDS_VDWBuilder.CHORDS.FHIRToVDW.FHIRToVDW - End Scanning Patients
2018-05-30 17:06:35,865 [1] INFO CHORDS_VDWBuilder.CHORDS.FHIRToVDW.FHIRToVDW - Start Importing Patients
2018-05-30 17:06:40,552 [1] INFO CHORDS_VDWBuilder.CHORDS.FHIRToVDW.FHIRToVDW - Error: An error occurred while updating the entries. See the inner exception for details.
2018-05-30 17:06:43,646 [1] INFO CHORDS_VDWBuilder.CHORDS.FHIRToVDW.FHIRToVDW - Error: Object reference not set to an instance of an object.
2018-05-30 17:10:26,473 [1] INFO CHORDS_VDWBuilder.CHORDS.FHIRToVDW.FHIRToVDW - Start Importing Patients
2018-05-30 17:13:46,616 [1] INFO CHORDS_VDWBuilder.Program - CHORDS VDW Builder Starting up.
2018-05-30 17:14:01,774 [1] INFO CHORDS_VDWBuilder.CHORDS.FHIRToVDW.FHIRToVDW - Start Importing Patients
2018-05-30 17:18:32,005 [1] INFO CHORDS_VDWBuilder.Program - CHORDS VDW Builder Starting up.
2018-05-30 17:18:42,974 [1] INFO CHORDS_VDWBuilder.CHORDS.FHIRToVDW.FHIRToVDW - Start Importing Patients
2018-05-30 17:26:54,286 [1] INFO CHORDS_VDWBuilder.Program - CHORDS VDW Builder Starting up.
2018-05-30 17:27:18,489 [1] INFO CHORDS_VDWBuilder.CHORDS.FHIRToVDW.FHIRToVDW - Start Importing Patients
2018-05-30 17:29:36,255 [1] INFO CHORDS_VDWBuilder.CHORDS.FHIRToVDW.FHIRToVDW - Error: Operation was unsuccessful because of a client error (BadRequest). OperationOutcome: <div xmlns="http://www.w3.org/1999/xhtml"><h1>Operation Outcome</h1><table border="0"><tr><td style="font-weight: bold;">ERROR</td><td>[]</td><td><pre>Unknown search parameter &quot;Identifier&quot;. Value search parameters for this search are: [_id, _language, active, address, address-city, address-country, address-postalcode, address-state, address-use, endpoint, identifier, name, partof, phonetic, type]</pre></td>
					
				
			</tr>
		</table>
	</div>.
2018-05-31 08:30:58,234 [1] INFO CHORDS_VDWBuilder.Program - CHORDS VDW Builder Starting up.
2018-05-31 08:31:56,214 [1] INFO CHORDS_VDWBuilder.CHORDS.FHIRToVDW.FHIRToVDW - Start Scanning Patients
2018-05-31 08:32:16,793 [1] INFO CHORDS_VDWBuilder.CHORDS.FHIRToVDW.FHIRToVDW - Number of Patients 50
2018-05-31 08:32:16,793 [1] INFO CHORDS_VDWBuilder.CHORDS.FHIRToVDW.FHIRToVDW - End Scanning Patients
2018-05-31 08:41:49,852 [1] INFO CHORDS_VDWBuilder.Program - CHORDS VDW Builder Starting up.
2018-05-31 08:42:14,196 [1] INFO CHORDS_VDWBuilder.CHORDS.FHIRToVDW.FHIRToVDW - Start Importing Patients
2018-05-31 09:03:12,822 [1] INFO CHORDS_VDWBuilder.Program - CHORDS VDW Builder Starting up.
2018-05-31 09:03:41,066 [1] INFO CHORDS_VDWBuilder.CHORDS.FHIRToVDW.FHIRToVDW - Start Importing Patients
2018-05-31 09:23:42,149 [1] INFO CHORDS_VDWBuilder.Program - CHORDS VDW Builder Starting up.
2018-05-31 09:23:54,868 [1] INFO CHORDS_VDWBuilder.CHORDS.FHIRToVDW.FHIRToVDW - Start Importing Patients
2018-05-31 09:29:50,523 [1] INFO CHORDS_VDWBuilder.Program - CHORDS VDW Builder Starting up.
2018-05-31 09:30:01,555 [1] INFO CHORDS_VDWBuilder.CHORDS.FHIRToVDW.FHIRToVDW - Start Importing Patients
2018-05-31 09:31:22,164 [1] INFO CHORDS_VDWBuilder.Program - CHORDS VDW Builder Starting up.
2018-05-31 09:31:43,915 [1] INFO CHORDS_VDWBuilder.CHORDS.FHIRToVDW.FHIRToVDW - Start Importing Patients
2018-05-31 10:59:17,857 [1] INFO CHORDS_VDWBuilder.Program - CHORDS VDW Builder Starting up.
2018-05-31 10:59:25,966 [1] INFO CHORDS_VDWBuilder.CHORDS.FHIRToVDW.FHIRToVDW - Start Importing Patients
2018-05-31 10:59:34,029 [1] INFO CHORDS_VDWBuilder.CHORDS.FHIRToVDW.FHIRToVDW - Error: An error occurred while updating the entries. See the inner exception for details.
2018-05-31 11:03:20,513 [1] INFO CHORDS_VDWBuilder.Program - CHORDS VDW Builder Starting up.
2018-05-31 11:03:28,660 [1] INFO CHORDS_VDWBuilder.CHORDS.FHIRToVDW.FHIRToVDW - Start Importing Patients
2018-05-31 11:10:03,068 [1] INFO CHORDS_VDWBuilder.Program - CHORDS VDW Builder Starting up.
2018-05-31 11:10:18,323 [1] INFO CHORDS_VDWBuilder.CHORDS.FHIRToVDW.FHIRToVDW - Start Importing Patients
2018-05-31 12:28:15,769 [1] INFO CHORDS_VDWBuilder.Program - CHORDS VDW Builder Starting up.
2018-05-31 12:28:36,973 [1] INFO CHORDS_VDWBuilder.CHORDS.FHIRToVDW.FHIRToVDW - Start Importing Patients
2018-05-31 12:28:45,260 [1] INFO CHORDS_VDWBuilder.CHORDS.FHIRToVDW.FHIRToVDW - Error: An error occurred while updating the entries. See the inner exception for details.
2018-05-31 12:30:13,324 [1] INFO CHORDS_VDWBuilder.CHORDS.FHIRToVDW.FHIRToVDW - Error: An error occurred while updating the entries. See the inner exception for details.
2018-05-31 12:30:41,703 [1] INFO CHORDS_VDWBuilder.CHORDS.FHIRToVDW.FHIRToVDW - Error: Operation was unsuccessful because of a client error (BadRequest). OperationOutcome: <div xmlns="http://www.w3.org/1999/xhtml"><h1>Operation Outcome</h1><table border="0"><tr><td style="font-weight: bold;">ERROR</td><td>[]</td><td><pre>Unknown search parameter &quot;Identifier&quot;. Value search parameters for this search are: [_id, _language, active, address, address-city, address-country, address-postalcode, address-state, address-use, endpoint, identifier, name, partof, phonetic, type]</pre></td>
					
				
			</tr>
		</table>
	</div>.
2018-05-31 12:34:26,853 [1] INFO CHORDS_VDWBuilder.Program - CHORDS VDW Builder Starting up.
2018-05-31 12:34:46,417 [1] INFO CHORDS_VDWBuilder.CHORDS.FHIRToVDW.FHIRToVDW - Start Importing Patients
2018-05-31 12:35:35,903 [1] INFO CHORDS_VDWBuilder.CHORDS.FHIRToVDW.FHIRToVDW - Error: Operation was unsuccessful because of a client error (BadRequest). OperationOutcome: <div xmlns="http://www.w3.org/1999/xhtml"><h1>Operation Outcome</h1><table border="0"><tr><td style="font-weight: bold;">ERROR</td><td>[]</td><td><pre>Unknown search parameter &quot;Identifier&quot;. Value search parameters for this search are: [_id, _language, active, address, address-city, address-country, address-postalcode, address-state, address-use, endpoint, identifier, name, partof, phonetic, type]</pre></td>
					
				
			</tr>
		</table>
	</div>.
2018-05-31 12:36:30,184 [1] INFO CHORDS_VDWBuilder.CHORDS.FHIRToVDW.FHIRToVDW - Start Importing Patients
2018-05-31 12:36:45,493 [1] INFO CHORDS_VDWBuilder.CHORDS.FHIRToVDW.FHIRToVDW - Error: An error occurred while updating the entries. See the inner exception for details.
2018-05-31 12:37:03,680 [1] INFO CHORDS_VDWBuilder.CHORDS.FHIRToVDW.FHIRToVDW - Error: An error occurred while updating the entries. See the inner exception for details.
2018-05-31 12:38:31,371 [1] INFO CHORDS_VDWBuilder.Program - CHORDS VDW Builder Starting up.
2018-05-31 12:39:35,910 [1] INFO CHORDS_VDWBuilder.Program - CHORDS VDW Builder Starting up.
2018-05-31 12:39:44,308 [1] INFO CHORDS_VDWBuilder.CHORDS.FHIRToVDW.FHIRToVDW - Start Importing Patients
2018-05-31 12:41:05,327 [1] INFO CHORDS_VDWBuilder.Program - CHORDS VDW Builder Starting up.
2018-05-31 12:41:12,582 [1] INFO CHORDS_VDWBuilder.CHORDS.FHIRToVDW.FHIRToVDW - Start Importing Patients
2018-05-31 12:42:45,064 [1] INFO CHORDS_VDWBuilder.CHORDS.FHIRToVDW.FHIRToVDW - Number of Patients 50
2018-05-31 12:42:45,064 [1] INFO CHORDS_VDWBuilder.CHORDS.FHIRToVDW.FHIRToVDW - End Importing Patients
2018-05-31 12:42:54,906 [1] INFO CHORDS_VDWBuilder.CHORDS.FHIRToVDW.FHIRToVDW - Start Scanning Patients
2018-05-31 12:43:11,984 [1] INFO CHORDS_VDWBuilder.CHORDS.FHIRToVDW.FHIRToVDW - Number of Patients 50
2018-05-31 12:43:11,984 [1] INFO CHORDS_VDWBuilder.CHORDS.FHIRToVDW.FHIRToVDW - End Scanning Patients
2018-05-31 12:47:14,486 [1] INFO CHORDS_VDWBuilder.Program - CHORDS VDW Builder Starting up.
2018-05-31 12:47:32,605 [1] INFO CHORDS_VDWBuilder.CHORDS.FHIRToVDW.FHIRToVDW - Start Importing Patients
2018-05-31 12:48:49,360 [1] INFO CHORDS_VDWBuilder.CHORDS.FHIRToVDW.FHIRToVDW - Number of Patients 50
2018-05-31 12:48:49,360 [1] INFO CHORDS_VDWBuilder.CHORDS.FHIRToVDW.FHIRToVDW - End Importing Patients
2018-06-01 08:56:57,011 [1] INFO CHORDS_VDWBuilder.Program - CHORDS VDW Builder Starting up.
2018-06-01 08:59:41,431 [1] INFO CHORDS_VDWBuilder.Program - CHORDS VDW Builder Starting up.
2018-06-01 09:09:06,856 [1] INFO CHORDS_VDWBuilder.CHORDS.FHIRToVDW.FHIRToVDW - Start Scanning Patients
2018-06-01 09:09:27,044 [1] INFO CHORDS_VDWBuilder.CHORDS.FHIRToVDW.FHIRToVDW - Number of Patients 50
2018-06-01 09:09:27,044 [1] INFO CHORDS_VDWBuilder.CHORDS.FHIRToVDW.FHIRToVDW - End Scanning Patients
2018-06-01 09:12:40,075 [1] INFO CHORDS_VDWBuilder.CHORDS.FHIRToVDW.FHIRToVDW - Start Scanning Patients
2018-06-01 09:12:41,199 [1] INFO CHORDS_VDWBuilder.CHORDS.FHIRToVDW.FHIRToVDW - Error: Unable to cast object of type 'Hl7.Fhir.Model.OperationOutcome' to type 'Hl7.Fhir.Model.Observation'.
2018-06-01 09:17:45,106 [1] INFO CHORDS_VDWBuilder.Program - CHORDS VDW Builder Starting up.
2018-06-01 09:18:25,934 [1] INFO CHORDS_VDWBuilder.CHORDS.FHIRToVDW.FHIRToVDW - Start Scanning Patients
2018-06-01 09:18:29,716 [1] INFO CHORDS_VDWBuilder.CHORDS.FHIRToVDW.FHIRToVDW - Error: Operation was unsuccessful because of a client error (NotAcceptable). OperationOutcome: Overall result: FAILURE (1 errors and 0 warnings)

[ERROR] (no details)(further diagnostics: Endpoint returned a body with contentType 'text/plain', while a valid FHIR xml/json body type was expected. Is this a FHIR endpoint?).
2018-06-01 09:18:44,993 [1] INFO CHORDS_VDWBuilder.Program - CHORDS VDW Builder Starting up.
2018-06-01 09:20:33,419 [1] INFO CHORDS_VDWBuilder.CHORDS.FHIRToVDW.FHIRToVDW - Start Scanning Patients
2018-06-01 09:21:50,130 [1] INFO CHORDS_VDWBuilder.Program - CHORDS VDW Builder Starting up.
2018-06-01 09:22:21,529 [1] INFO CHORDS_VDWBuilder.CHORDS.FHIRToVDW.FHIRToVDW - Start Scanning Patients
2018-06-01 09:23:39,559 [1] INFO CHORDS_VDWBuilder.Program - CHORDS VDW Builder Starting up.
2018-06-01 09:24:11,803 [1] INFO CHORDS_VDWBuilder.Program - CHORDS VDW Builder Starting up.
2018-06-01 09:24:27,816 [1] INFO CHORDS_VDWBuilder.CHORDS.FHIRToVDW.FHIRToVDW - Start Scanning Patients
2018-06-01 09:32:06,854 [1] INFO CHORDS_VDWBuilder.Program - CHORDS VDW Builder Starting up.
2018-06-01 09:32:26,339 [1] INFO CHORDS_VDWBuilder.CHORDS.FHIRToVDW.FHIRToVDW - Start Scanning Patients
2018-06-01 09:36:43,214 [1] INFO CHORDS_VDWBuilder.Program - CHORDS VDW Builder Starting up.
2018-06-01 09:39:18,918 [1] INFO CHORDS_VDWBuilder.CHORDS.FHIRToVDW.FHIRToVDW - Start Scanning Patients
2018-06-01 09:39:40,324 [1] INFO CHORDS_VDWBuilder.CHORDS.FHIRToVDW.FHIRToVDW - Error: The specified content type is invalid.
2018-06-01 09:39:52,824 [1] INFO CHORDS_VDWBuilder.CHORDS.FHIRToVDW.FHIRToVDW - Start Scanning Patients
2018-06-01 09:52:20,511 [1] INFO CHORDS_VDWBuilder.Program - CHORDS VDW Builder Starting up.
2018-06-01 09:53:14,464 [1] INFO CHORDS_VDWBuilder.CHORDS.FHIRToVDW.FHIRToVDW - Start Scanning Patients
2018-06-01 09:53:59,839 [1] INFO CHORDS_VDWBuilder.CHORDS.FHIRToVDW.FHIRToVDW - Number of Patients 100
2018-06-01 09:53:59,839 [1] INFO CHORDS_VDWBuilder.CHORDS.FHIRToVDW.FHIRToVDW - End Scanning Patients
2018-06-01 09:57:55,230 [1] INFO CHORDS_VDWBuilder.Program - CHORDS VDW Builder Starting up.
2018-06-01 09:58:07,226 [1] INFO CHORDS_VDWBuilder.CHORDS.FHIRToVDW.FHIRToVDW - Start Scanning Patients
2018-06-01 10:00:40,323 [1] INFO CHORDS_VDWBuilder.CHORDS.FHIRToVDW.FHIRToVDW - Number of Patients 500
2018-06-01 10:00:40,323 [1] INFO CHORDS_VDWBuilder.CHORDS.FHIRToVDW.FHIRToVDW - End Scanning Patients
2018-06-01 10:38:57,164 [1] INFO CHORDS_VDWBuilder.Program - CHORDS VDW Builder Starting up.
2018-06-01 10:39:58,398 [1] INFO CHORDS_VDWBuilder.CHORDS.FHIRToVDW.FHIRToVDW - Start Scanning Patients
2018-06-01 10:43:05,008 [1] INFO CHORDS_VDWBuilder.CHORDS.FHIRToVDW.FHIRToVDW - Number of Patients 500
2018-06-01 10:43:05,008 [1] INFO CHORDS_VDWBuilder.CHORDS.FHIRToVDW.FHIRToVDW - End Scanning Patients
2018-06-01 14:08:14,685 [1] INFO CHORDS_VDWBuilder.Program - CHORDS VDW Builder Starting up.
2018-06-01 14:08:25,495 [1] INFO CHORDS_VDWBuilder.CHORDS.FHIRToVDW.FHIRToVDW - Start Scanning Patients
2018-06-01 14:09:55,716 [1] INFO CHORDS_VDWBuilder.Program - CHORDS VDW Builder Starting up.
2018-06-01 14:10:07,845 [1] INFO CHORDS_VDWBuilder.CHORDS.FHIRToVDW.FHIRToVDW - Start Scanning Patients
2018-06-01 14:14:51,252 [1] INFO CHORDS_VDWBuilder.Program - CHORDS VDW Builder Starting up.
2018-06-01 14:15:02,434 [1] INFO CHORDS_VDWBuilder.CHORDS.FHIRToVDW.FHIRToVDW - Start Scanning Patients
2018-06-01 14:25:43,898 [1] INFO CHORDS_VDWBuilder.Program - CHORDS VDW Builder Starting up.
2018-06-01 14:25:51,430 [1] INFO CHORDS_VDWBuilder.CHORDS.FHIRToVDW.FHIRToVDW - Start Scanning Patients
2018-06-01 14:49:52,720 [1] INFO CHORDS_VDWBuilder.Program - CHORDS VDW Builder Starting up.
2018-06-01 14:50:02,181 [1] INFO CHORDS_VDWBuilder.CHORDS.FHIRToVDW.FHIRToVDW - Start Scanning Patients
2018-06-01 14:51:10,186 [1] INFO CHORDS_VDWBuilder.Program - CHORDS VDW Builder Starting up.
2018-06-01 14:51:17,545 [1] INFO CHORDS_VDWBuilder.CHORDS.FHIRToVDW.FHIRToVDW - Start Scanning Patients
2018-06-01 14:52:17,264 [1] INFO CHORDS_VDWBuilder.Program - CHORDS VDW Builder Starting up.
2018-06-01 14:52:31,026 [1] INFO CHORDS_VDWBuilder.CHORDS.FHIRToVDW.FHIRToVDW - Start Scanning Patients
2018-06-01 14:55:15,823 [1] INFO CHORDS_VDWBuilder.Program - CHORDS VDW Builder Starting up.
2018-06-01 14:55:26,838 [1] INFO CHORDS_VDWBuilder.CHORDS.FHIRToVDW.FHIRToVDW - Start Scanning Patients
2018-06-01 14:56:07,182 [1] INFO CHORDS_VDWBuilder.CHORDS.FHIRToVDW.FHIRToVDW - Error: Object reference not set to an instance of an object.
2018-06-01 14:58:08,459 [1] INFO CHORDS_VDWBuilder.Program - CHORDS VDW Builder Starting up.
2018-06-01 14:58:17,568 [1] INFO CHORDS_VDWBuilder.CHORDS.FHIRToVDW.FHIRToVDW - Start Scanning Patients
2018-06-01 14:59:28,354 [1] INFO CHORDS_VDWBuilder.CHORDS.FHIRToVDW.FHIRToVDW - Error: Operation was unsuccessful, and returned status GatewayTimeout. OperationOutcome: Overall result: FAILURE (1 errors and 0 warnings)

[ERROR] (no details)(further diagnostics: Endpoint returned a body with contentType 'text/html', while a valid FHIR xml/json body type was expected. Is this a FHIR endpoint?).
2018-06-01 14:59:50,100 [1] INFO CHORDS_VDWBuilder.CHORDS.FHIRToVDW.FHIRToVDW - Start Scanning Patients
2018-06-01 15:07:56,650 [1] INFO CHORDS_VDWBuilder.Program - CHORDS VDW Builder Starting up.
2018-06-01 15:08:26,348 [1] INFO CHORDS_VDWBuilder.CHORDS.FHIRToVDW.FHIRToVDW - Start Scanning Patients
2018-06-01 15:09:50,914 [1] INFO CHORDS_VDWBuilder.Program - CHORDS VDW Builder Starting up.
2018-06-01 15:10:00,167 [1] INFO CHORDS_VDWBuilder.CHORDS.FHIRToVDW.FHIRToVDW - Start Scanning Patients
2018-06-01 15:18:56,484 [1] INFO CHORDS_VDWBuilder.CHORDS.FHIRToVDW.FHIRToVDW - Number of Patients 1628
2018-06-01 15:18:56,484 [1] INFO CHORDS_VDWBuilder.CHORDS.FHIRToVDW.FHIRToVDW - End Scanning Patients
2018-06-01 15:27:56,551 [1] INFO CHORDS_VDWBuilder.Program - CHORDS VDW Builder Starting up.
2018-06-01 15:28:31,129 [1] INFO CHORDS_VDWBuilder.CHORDS.FHIRToVDW.FHIRToVDW - Start Importing Patients
2018-06-01 15:28:49,270 [1] INFO CHORDS_VDWBuilder.CHORDS.FHIRToVDW.FHIRToVDW - Error: Object reference not set to an instance of an object.
2018-06-01 15:29:43,688 [1] INFO CHORDS_VDWBuilder.Program - CHORDS VDW Builder Starting up.
2018-06-01 15:29:47,989 [1] INFO CHORDS_VDWBuilder.CHORDS.FHIRToVDW.FHIRToVDW - Start Importing Patients
2018-06-01 15:32:06,018 [1] INFO CHORDS_VDWBuilder.Program - CHORDS VDW Builder Starting up.
2018-06-01 15:32:15,097 [1] INFO CHORDS_VDWBuilder.CHORDS.FHIRToVDW.FHIRToVDW - Start Importing Patients
2018-06-01 16:09:35,437 [1] INFO CHORDS_VDWBuilder.CHORDS.FHIRToVDW.FHIRToVDW - Number of Patients 1628
2018-06-01 16:09:35,437 [1] INFO CHORDS_VDWBuilder.CHORDS.FHIRToVDW.FHIRToVDW - End Importing Patients
2018-06-01 16:28:17,628 [1] INFO CHORDS_VDWBuilder.Program - CHORDS VDW Builder Starting up.
